0 info it worked if it ends with ok
1 verbose cli [ '/usr/local/bin/node', '/usr/local/bin/npm', 'publish' ]
2 info using npm@2.15.1
3 info using node@v4.4.4
4 verbose publish [ '.' ]
5 silly cache add args [ '.', null ]
6 verbose cache add spec .
7 silly cache add parsed spec Result {
7 silly cache add   raw: '.',
7 silly cache add   scope: null,
7 silly cache add   name: null,
7 silly cache add   rawSpec: '.',
7 silly cache add   spec: '/Users/lvn/Dev/github_repo/moment-calendar-2',
7 silly cache add   type: 'directory' }
8 verbose addLocalDirectory /Users/lvn/.npm/moment-calendar-2/0.0.1/package.tgz not in flight; packing
9 verbose correctMkdir /Users/lvn/.npm correctMkdir not in flight; initializing
10 verbose tar pack [ '/Users/lvn/.npm/moment-calendar-2/0.0.1/package.tgz',
10 verbose tar pack   '/Users/lvn/Dev/github_repo/moment-calendar-2' ]
11 verbose tarball /Users/lvn/.npm/moment-calendar-2/0.0.1/package.tgz
12 verbose folder /Users/lvn/Dev/github_repo/moment-calendar-2
13 info prepublish moment-calendar-2@0.0.1
14 verbose addLocalTarball adding from inside cache /Users/lvn/.npm/moment-calendar-2/0.0.1/package.tgz
15 verbose correctMkdir /Users/lvn/.npm correctMkdir not in flight; initializing
16 silly cache afterAdd moment-calendar-2@0.0.1
17 verbose afterAdd /Users/lvn/.npm/moment-calendar-2/0.0.1/package/package.json not in flight; writing
18 verbose correctMkdir /Users/lvn/.npm correctMkdir not in flight; initializing
19 verbose afterAdd /Users/lvn/.npm/moment-calendar-2/0.0.1/package/package.json written
20 silly publish { name: 'moment-calendar-2',
20 silly publish   private: true,
20 silly publish   version: '0.0.1',
20 silly publish   description: 'Powerful, scalable yet easy-to-use Moment Calendar component',
20 silly publish   repository:
20 silly publish    { type: 'git',
20 silly publish      url: 'git+https://github.com/vinhnghi223/moment-calendar-2.git' },
20 silly publish   license: 'MIT',
20 silly publish   devDependencies:
20 silly publish    { angular: '^1.5.8',
20 silly publish      'angular-mocks': '^1.5.8',
20 silly publish      browserify: '^13.1.0',
20 silly publish      del: '^2.2.2',
20 silly publish      gulp: '^3.9.1',
20 silly publish      'gulp-concat': '^2.6.0',
20 silly publish      'gulp-load-plugins': '^1.2.2',
20 silly publish      'gulp-ng-annotate': '^2.0.0',
20 silly publish      'gulp-release-easy': '^1.0.5',
20 silly publish      'gulp-rename': '^1.2.2',
20 silly publish      'gulp-sass': '^2.3.2',
20 silly publish      'gulp-sequence': '^0.4.5',
20 silly publish      'gulp-uglify': '^2.0.0',
20 silly publish      'gulp-webserver': '^0.9.1',
20 silly publish      'gulp-wrap': '^0.11.0',
20 silly publish      'http-server': '^0.9.0',
20 silly publish      'jasmine-core': '^2.4.1',
20 silly publish      karma: '^0.13.22',
20 silly publish      'karma-browserify': '^5.1.0',
20 silly publish      'karma-chrome-launcher': '^0.2.3',
20 silly publish      'karma-firefox-launcher': '^0.1.7',
20 silly publish      'karma-jasmine': '^0.3.8',
20 silly publish      'karma-junit-reporter': '^0.4.1',
20 silly publish      'karma-requirejs': '^1.0.0',
20 silly publish      requirejs: '^2.2.0',
20 silly publish      'vinyl-source-stream': '^1.1.0',
20 silly publish      'vinyl-transform': '^1.0.0',
20 silly publish      watchify: '^3.7.0' },
20 silly publish   scripts:
20 silly publish    { test: 'karma start karma.conf.js',
20 silly publish      'test-single-run': 'karma start karma.conf.js --single-run',
20 silly publish      'preupdate-webdriver': 'npm install' },
20 silly publish   dependencies: { moment: '^2.14.1' },
20 silly publish   readme: '# moment-calendar-2\n[![npm version](https://badge.fury.io/js/moment-calendar-2.svg)](http://badge.fury.io/js/moment-calendar-2)\n\nA simple yet powerful Node module to create month calendar object where each date is a MomentJS object. You can leverage further with date operations as well as configuring localization through MomentJS.\n\nYou can use this component with other frameworks and libraries with ease. This [`Demo`](https://vinhnghi223.github.io/moment-calendar-2/) demonstrates how to use moment-calendar-2 together with angular to build a date picker component.\n\n\n## Getting Started\n\nNPM install moment-calendar 2\n\n```\n    npm install moment-calendar-2\n```\n\nNotes that this is a stand-alone version. moment-calendar depends on momentJS, so make sure you have also include that in your app.\n\nInclude the script in your html:\n\n    <script src="node_modules/moment-calendar-2/dist/moment-calendar-2.js"></script>\n\nYou can also include \'moment-calendar-2\' by using \'require\':\n\n    var MomentCalendarFactory = require(\'./node_modules/moment-calendar-2/dist/moment-calendar-2\');\n\nIn your JS, use \'moment-calendar\' like so:\n\n```\n   var calendar = MomentCalendarFactory.getInstance();\n   calendar.getWeeksTable();\n```\n\n\n## API\n\nCalling MomentCalendarFactory.getInstance(); will return an instance of momentCalendar of which methods are as following:\n\n| Methods             | Arguments                                         | Description                                                                                                                                                                                                                                                                                                                                                                          |\n|---------------------|---------------------------------------------------|--------------------------------------------------------------------------------------------------------------------------------------------------------------------------------------------------------------------------------------------------------------------------------------------------------------------------------------------------------------------------------------|\n| setCurrentDate      | a date (eg. \'2017-01-01\')                         | Set the current date for month calendar. If argument is left blank or is an invalid date then current time being will be used                                                                                                                                                                                                                                                        |\n| getCurrentMonthDate |                                                   | Get the current date of month calendar. Return will be a moment object.                                                                                                                                                                                                                                                                                                              |\n| getDate             | a number or date (eg. \'1\', \'2017-01-01\' etc.)     | Get a moment object corresponding to the date you want to get from month calendar.                                                                                                                                                                                                                                                                                                   |\n| updateDate          | (date, obj) (eg. (\'2017-01-01\',{isHoliday: true}) | Extend a date object of calendar with a object defined by your own. This is good when you need to attached a certain customized properties/methods that are not defined by momentJS. If you need to override those properties, just simply pass another object with same property keys again. Later when you call getDate, you can access those properties from the returned object. |\n| getWeeksTable       | boolean (false by default if argument is missing) | Return an array of weeks table, the one that is similar like a month calendar view in date picker (with first element is an array of weeksday (\'S\',\'M\',\'T\' etc.) ). Each date is a moment date. If you want a simplified version of weeks table where each date is an integer (eg. from 1 to 31), pass in true as the argument.                                                      |\n| getDatePosition     | a number or date (eg. \'1\', \'2017-01-01\' etc.)     | Get back date position in the weeks table mentioned above. The returned object has 2 properties \'row\' and \'column\' that indicate where the date is located in the weeks table.                                                                                                                                                                                                       |\n\n\n## Feedback\n\nIf you have found a bug or have another issue with the library —\nplease [create an issue][new-issue].\n\nIf you have a question regarding the library or it\'s integration with your project —\nconsider asking a question at [StackOverflow][so-ask].\n\nHave any ideas or propositions? Feel free to contact me by [E-Mail][email].\n\nCheers!\n\n\n## Developer guide\n\nFork, clone, create a feature branch, implement your feature, cover it with tests, commit, create a PR.\n\nRun:\n\n- `npm i` to initialize the project\n- `gulp` to re-build the dist files and run the demo server\n- `npm test` to test the code\n\nDo not add dist files to the PR itself.\nWe will re-compile the module manually each time before releasing.\n\n\n## Support\n\nIf you like this library consider to add star on [GitHub repository][repo-gh].\n\nThank you!\n',
20 silly publish   readmeFilename: 'README.md',
20 silly publish   gitHead: '15eada7e158591e76a231e025f2fb73e68aef626',
20 silly publish   bugs: { url: 'https://github.com/vinhnghi223/moment-calendar-2/issues' },
20 silly publish   homepage: 'https://github.com/vinhnghi223/moment-calendar-2#readme',
20 silly publish   _id: 'moment-calendar-2@0.0.1',
20 silly publish   _shasum: 'd0d6b5fccd3c76736e2c58f47a582a0439ce5c3d',
20 silly publish   _from: '.' }
21 verbose getPublishConfig undefined
22 verbose stack Error: This package has been marked as private
22 verbose stack Remove the 'private' field from the package.json to publish it.
22 verbose stack     at publish_ (/usr/local/lib/node_modules/npm/lib/publish.js:98:5)
22 verbose stack     at Array.<anonymous> (/usr/local/lib/node_modules/npm/node_modules/slide/lib/bind-actor.js:15:8)
22 verbose stack     at LOOP (/usr/local/lib/node_modules/npm/node_modules/slide/lib/chain.js:15:14)
22 verbose stack     at LOOP (/usr/local/lib/node_modules/npm/node_modules/slide/lib/chain.js:14:28)
22 verbose stack     at chain (/usr/local/lib/node_modules/npm/node_modules/slide/lib/chain.js:20:5)
22 verbose stack     at /usr/local/lib/node_modules/npm/lib/publish.js:73:5
22 verbose stack     at RES (/usr/local/lib/node_modules/npm/node_modules/inflight/inflight.js:23:14)
22 verbose stack     at f (/usr/local/lib/node_modules/npm/node_modules/once/once.js:17:25)
22 verbose stack     at /usr/local/lib/node_modules/npm/lib/cache.js:351:14
22 verbose stack     at /usr/local/lib/node_modules/npm/node_modules/write-file-atomic/index.js:29:9
23 verbose cwd /Users/lvn/Dev/github_repo/moment-calendar-2
24 error Darwin 15.6.0
25 error argv "/usr/local/bin/node" "/usr/local/bin/npm" "publish"
26 error node v4.4.4
27 error npm  v2.15.1
28 error This package has been marked as private
28 error Remove the 'private' field from the package.json to publish it.
29 error If you need help, you may report this error at:
29 error     <https://github.com/npm/npm/issues>
30 verbose exit [ 1, true ]
